{"total": {"lines":{"total":383,"covered":375,"skipped":0,"pct":97.91},"statements":{"total":387,"covered":379,"skipped":0,"pct":97.93},"functions":{"total":93,"covered":91,"skipped":0,"pct":97.85},"branches":{"total":115,"covered":108,"skipped":0,"pct":93.91}}
,"/Users/johannestroppacher/git/data-reconstruct-js/src/js/datarestructor.js": {"lines":{"total":282,"covered":274,"skipped":0,"pct":97.16},"functions":{"total":66,"covered":64,"skipped":0,"pct":96.97},"statements":{"total":286,"covered":278,"skipped":0,"pct":97.2},"branches":{"total":86,"covered":79,"skipped":0,"pct":91.86}}
,"/Users/johannestroppacher/git/data-reconstruct-js/src/js/describedfield.js": {"lines":{"total":50,"covered":50,"skipped":0,"pct":100},"functions":{"total":17,"covered":17,"skipped":0,"pct":100},"statements":{"total":50,"covered":50,"skipped":0,"pct":100},"branches":{"total":11,"covered":11,"skipped":0,"pct":100}}
,"/Users/johannestroppacher/git/data-reconstruct-js/src/js/templateResolver.js": {"lines":{"total":51,"covered":51,"skipped":0,"pct":100},"functions":{"total":10,"covered":10,"skipped":0,"pct":100},"statements":{"total":51,"covered":51,"skipped":0,"pct":100},"branches":{"total":18,"covered":18,"skipped":0,"pct":100}}
}
