{"total": {"lines":{"total":383,"covered":375,"skipped":0,"pct":97.91},"statements":{"total":387,"covered":379,"skipped":0,"pct":97.93},"functions":{"total":94,"covered":92,"skipped":0,"pct":97.87},"branches":{"total":115,"covered":108,"skipped":0,"pct":93.91}}
,"/Users/johannestroppacher/git/data-reconstruct-js/src/js/datarestructor.js": {"lines":{"total":286,"covered":278,"skipped":0,"pct":97.2},"functions":{"total":68,"covered":66,"skipped":0,"pct":97.06},"statements":{"total":290,"covered":282,"skipped":0,"pct":97.24},"branches":{"total":88,"covered":81,"skipped":0,"pct":92.05}}
,"/Users/johannestroppacher/git/data-reconstruct-js/src/js/describedfield.js": {"lines":{"total":46,"covered":46,"skipped":0,"pct":100},"functions":{"total":16,"covered":16,"skipped":0,"pct":100},"statements":{"total":46,"covered":46,"skipped":0,"pct":100},"branches":{"total":9,"covered":9,"skipped":0,"pct":100}}
,"/Users/johannestroppacher/git/data-reconstruct-js/src/js/templateResolver.js": {"lines":{"total":51,"covered":51,"skipped":0,"pct":100},"functions":{"total":10,"covered":10,"skipped":0,"pct":100},"statements":{"total":51,"covered":51,"skipped":0,"pct":100},"branches":{"total":18,"covered":18,"skipped":0,"pct":100}}
}
