{"/Users/johannestroppacher/git/data-reconstruct-js/src/js/datarestructor.js":{"path":"/Users/johannestroppacher/git/data-reconstruct-js/src/js/datarestructor.js","s":{"1":1,"2":1,"3":1,"4":1,"5":1,"6":1,"7":162,"8":162,"9":113,"10":113,"11":162,"12":113,"13":113,"14":162,"15":17,"16":17,"17":162,"18":17,"19":17,"20":162,"21":27,"22":27,"23":162,"24":46,"25":46,"26":162,"27":72,"28":72,"29":162,"30":61,"31":61,"32":162,"33":162,"34":162,"35":1,"36":161,"37":161,"38":161,"39":162,"40":162,"41":162,"42":162,"43":61,"44":61,"45":162,"46":61,"47":61,"48":162,"49":25,"50":25,"51":162,"52":162,"53":162,"54":162,"55":25,"56":25,"57":162,"58":162,"59":162,"60":159,"61":162,"62":159,"63":162,"64":149,"65":162,"66":1,"67":324,"68":2,"69":2,"70":322,"71":92,"72":92,"73":230,"74":1,"75":162,"76":162,"77":90,"78":0,"79":72,"80":45,"81":2741,"82":27,"83":1826,"84":1,"85":290,"86":290,"87":290,"88":288,"89":2,"90":1,"91":938,"92":937,"93":1,"94":1,"95":161,"96":938,"97":1,"98":161,"99":938,"100":938,"101":938,"102":1,"103":92,"104":1588,"105":1588,"106":1588,"107":1586,"108":2,"109":1,"110":230,"111":288,"112":1,"113":2741,"114":2741,"115":1,"116":4329,"117":4329,"118":1588,"119":4329,"120":4329,"121":4329,"122":1,"123":5917,"124":5917,"125":1,"126":501,"127":1,"128":1149,"129":1,"130":1,"131":1,"132":1,"133":930,"134":930,"135":930,"136":930,"137":930,"138":930,"139":930,"140":930,"141":930,"142":930,"143":930,"144":930,"145":930,"146":930,"147":930,"148":930,"149":930,"150":930,"151":13,"152":930,"153":8,"154":8,"155":8,"156":1,"157":930,"158":930,"159":1,"160":930,"161":930,"162":930,"163":930,"164":2952,"165":2952,"166":2022,"167":1092,"168":2022,"169":2022,"170":930,"171":1,"172":8,"173":8,"174":8,"175":8,"176":8,"177":104,"178":104,"179":64,"180":8,"181":1,"182":8,"183":328,"184":1,"185":328,"186":16,"187":312,"188":48,"189":264,"190":8,"191":8,"192":8,"193":8,"194":24,"195":24,"196":24,"197":192,"198":24,"199":8,"200":256,"201":1,"202":1,"203":1,"204":12,"205":12,"206":12,"207":0,"208":0,"209":12,"210":12,"211":60,"212":60,"213":60,"214":12,"215":12,"216":12,"217":12,"218":1,"219":48,"220":48,"221":48,"222":996,"223":996,"224":996,"225":972,"226":48,"227":816,"228":816,"229":48,"230":1,"231":60,"232":12,"233":48,"234":1812,"235":48,"236":1,"237":48,"238":48,"239":816,"240":816,"241":48,"242":1,"243":12,"244":816,"245":816,"246":1,"247":12,"248":12,"249":816,"250":816,"251":816,"252":0,"253":816,"254":816,"255":0,"256":816,"257":168,"258":168,"259":816,"260":12,"261":1,"262":60,"263":60,"264":60,"265":4560,"266":4560,"267":840,"268":840,"269":840,"270":60,"271":1,"272":12,"273":12,"274":12,"275":168,"276":168,"277":168,"278":84,"279":84,"280":84,"281":84,"282":84,"283":84,"284":84,"285":12,"286":84,"287":84,"288":12,"289":1,"290":12,"291":12,"292":12,"293":12,"294":12,"295":840,"296":744,"297":24,"298":24,"299":744,"300":744,"301":96,"302":96,"303":24,"304":72,"305":48,"306":48,"307":72,"308":72,"309":96,"310":12,"311":1,"312":12,"313":12,"314":12,"315":84,"316":84,"317":84,"318":12,"319":1},"b":{"1":[1,0],"2":[1,1],"3":[1,1],"4":[1,161],"5":[159,3],"6":[159,3],"7":[149,13],"8":[2,322],"9":[92,230],"10":[90,72],"11":[45,27],"12":[288,2],"13":[937,1],"14":[938,0],"15":[1586,2],"16":[1588,1586],"17":[1588,2741],"18":[352,149],"19":[1149,1143,1143],"20":[1,7],"21":[2022,930],"22":[1092,930],"23":[64,40],"24":[104,80],"25":[16,312],"26":[328,272,16],"27":[48,264],"28":[8,256],"29":[0,12],"30":[12,0],"31":[972,24],"32":[996,996,96],"33":[12,48],"34":[60,60],"35":[0,816],"36":[0,816],"37":[816,816],"38":[168,648],"39":[840,3720],"40":[840,0],"41":[84,84],"42":[84,0],"43":[0,84],"44":[744,96],"45":[24,720],"46":[24,72],"47":[48,24]},"f":{"1":1,"2":162,"3":113,"4":113,"5":17,"6":17,"7":27,"8":46,"9":72,"10":61,"11":162,"12":162,"13":61,"14":61,"15":25,"16":162,"17":25,"18":162,"19":324,"20":2,"21":162,"22":0,"23":2741,"24":1826,"25":290,"26":938,"27":161,"28":938,"29":161,"30":938,"31":92,"32":1588,"33":230,"34":288,"35":2741,"36":4329,"37":5917,"38":501,"39":1149,"40":1,"41":930,"42":13,"43":8,"44":930,"45":930,"46":8,"47":8,"48":328,"49":328,"50":1,"51":12,"52":48,"53":60,"54":1812,"55":48,"56":12,"57":816,"58":816,"59":12,"60":60,"61":4560,"62":12,"63":12,"64":840,"65":12},"fnMap":{"1":{"name":"(anonymous_1)","line":47,"loc":{"start":{"line":47,"column":54},"end":{"line":47,"column":66}}},"2":{"name":"PropertyStructureDescription","line":53,"loc":{"start":{"line":53,"column":2},"end":{"line":53,"column":42}}},"3":{"name":"(anonymous_3)","line":71,"loc":{"start":{"line":71,"column":16},"end":{"line":71,"column":33}}},"4":{"name":"(anonymous_4)","line":75,"loc":{"start":{"line":75,"column":20},"end":{"line":75,"column":37}}},"5":{"name":"(anonymous_5)","line":79,"loc":{"start":{"line":79,"column":24},"end":{"line":79,"column":41}}},"6":{"name":"(anonymous_6)","line":83,"loc":{"start":{"line":83,"column":17},"end":{"line":83,"column":34}}},"7":{"name":"(anonymous_7)","line":91,"loc":{"start":{"line":91,"column":36},"end":{"line":91,"column":48}}},"8":{"name":"(anonymous_8)","line":101,"loc":{"start":{"line":101,"column":39},"end":{"line":101,"column":51}}},"9":{"name":"(anonymous_9)","line":111,"loc":{"start":{"line":111,"column":27},"end":{"line":111,"column":44}}},"10":{"name":"(anonymous_10)","line":120,"loc":{"start":{"line":120,"column":27},"end":{"line":120,"column":44}}},"11":{"name":"(anonymous_11)","line":124,"loc":{"start":{"line":124,"column":31},"end":{"line":124,"column":48}}},"12":{"name":"(anonymous_12)","line":137,"loc":{"start":{"line":137,"column":21},"end":{"line":137,"column":38}}},"13":{"name":"(anonymous_13)","line":141,"loc":{"start":{"line":141,"column":21},"end":{"line":141,"column":38}}},"14":{"name":"(anonymous_14)","line":149,"loc":{"start":{"line":149,"column":24},"end":{"line":149,"column":41}}},"15":{"name":"(anonymous_15)","line":157,"loc":{"start":{"line":157,"column":35},"end":{"line":157,"column":52}}},"16":{"name":"(anonymous_16)","line":165,"loc":{"start":{"line":165,"column":32},"end":{"line":165,"column":49}}},"17":{"name":"(anonymous_17)","line":173,"loc":{"start":{"line":173,"column":32},"end":{"line":173,"column":49}}},"18":{"name":"(anonymous_18)","line":177,"loc":{"start":{"line":177,"column":17},"end":{"line":177,"column":29}}},"19":{"name":"createNameExtractFunction","line":192,"loc":{"start":{"line":192,"column":2},"end":{"line":192,"column":57}}},"20":{"name":"(anonymous_20)","line":194,"loc":{"start":{"line":194,"column":13},"end":{"line":194,"column":37}}},"21":{"name":"createFunctionMatchesPropertyName","line":205,"loc":{"start":{"line":205,"column":2},"end":{"line":205,"column":58}}},"22":{"name":"(anonymous_22)","line":208,"loc":{"start":{"line":208,"column":13},"end":{"line":208,"column":56}}},"23":{"name":"(anonymous_23)","line":213,"loc":{"start":{"line":213,"column":13},"end":{"line":213,"column":56}}},"24":{"name":"(anonymous_24)","line":217,"loc":{"start":{"line":217,"column":11},"end":{"line":217,"column":54}}},"25":{"name":"rightMostPropertyNameElement","line":222,"loc":{"start":{"line":222,"column":2},"end":{"line":222,"column":54}}},"26":{"name":"upperCaseFirstLetter","line":231,"loc":{"start":{"line":231,"column":2},"end":{"line":231,"column":39}}},"27":{"name":"upperCaseFirstLetterForFunction","line":238,"loc":{"start":{"line":238,"column":2},"end":{"line":238,"column":64}}},"28":{"name":"(anonymous_28)","line":239,"loc":{"start":{"line":239,"column":11},"end":{"line":239,"column":35}}},"29":{"name":"removeArrayValuePropertyPostfixFunction","line":244,"loc":{"start":{"line":244,"column":2},"end":{"line":244,"column":72}}},"30":{"name":"(anonymous_30)","line":245,"loc":{"start":{"line":245,"column":11},"end":{"line":245,"column":35}}},"31":{"name":"extractNameUsingTemplatePattern","line":252,"loc":{"start":{"line":252,"column":2},"end":{"line":252,"column":60}}},"32":{"name":"(anonymous_32)","line":253,"loc":{"start":{"line":253,"column":11},"end":{"line":253,"column":35}}},"33":{"name":"extractNameUsingRightMostPropertyNameElement","line":263,"loc":{"start":{"line":263,"column":2},"end":{"line":263,"column":58}}},"34":{"name":"(anonymous_34)","line":264,"loc":{"start":{"line":264,"column":11},"end":{"line":264,"column":35}}},"35":{"name":"templateModePatternRegexForPattern","line":269,"loc":{"start":{"line":269,"column":2},"end":{"line":269,"column":68}}},"36":{"name":"templateModePatternRegexForPatternAndVariable","line":274,"loc":{"start":{"line":274,"column":2},"end":{"line":274,"column":96}}},"37":{"name":"escapeCharsForRegEx","line":284,"loc":{"start":{"line":284,"column":2},"end":{"line":284,"column":43}}},"38":{"name":"withDefault","line":289,"loc":{"start":{"line":289,"column":2},"end":{"line":289,"column":44}}},"39":{"name":"isSpecifiedString","line":293,"loc":{"start":{"line":293,"column":2},"end":{"line":293,"column":36}}},"40":{"name":"(anonymous_40)","line":338,"loc":{"start":{"line":338,"column":40},"end":{"line":338,"column":52}}},"41":{"name":"DescribedEntry","line":346,"loc":{"start":{"line":346,"column":2},"end":{"line":346,"column":46}}},"42":{"name":"(anonymous_42)","line":398,"loc":{"start":{"line":398,"column":27},"end":{"line":398,"column":47}}},"43":{"name":"(anonymous_43)","line":406,"loc":{"start":{"line":406,"column":28},"end":{"line":406,"column":45}}},"44":{"name":"indicesOf","line":419,"loc":{"start":{"line":419,"column":2},"end":{"line":419,"column":39}}},"45":{"name":"indicesOfWithRegex","line":431,"loc":{"start":{"line":431,"column":2},"end":{"line":431,"column":73}}},"46":{"name":"propertyNamesWithoutObjectsAndFunctions","line":451,"loc":{"start":{"line":451,"column":2},"end":{"line":451,"column":56}}},"47":{"name":"replacerRetainsOnlyDefinedPublicFields","line":476,"loc":{"start":{"line":476,"column":2},"end":{"line":476,"column":65}}},"48":{"name":"(anonymous_48)","line":477,"loc":{"start":{"line":477,"column":11},"end":{"line":477,"column":33}}},"49":{"name":"onlyDefinedPublicFields","line":491,"loc":{"start":{"line":491,"column":2},"end":{"line":491,"column":62}}},"50":{"name":"(anonymous_50)","line":522,"loc":{"start":{"line":522,"column":29},"end":{"line":522,"column":41}}},"51":{"name":"processJsonUsingDescriptions","line":532,"loc":{"start":{"line":532,"column":2},"end":{"line":532,"column":75}}},"52":{"name":"mergeFlattenedData","line":583,"loc":{"start":{"line":583,"column":2},"end":{"line":583,"column":76}}},"53":{"name":"deduplicateFlattenedData","line":622,"loc":{"start":{"line":622,"column":2},"end":{"line":622,"column":61}}},"54":{"name":"(anonymous_54)","line":626,"loc":{"start":{"line":626,"column":30},"end":{"line":626,"column":47}}},"55":{"name":"asIdBasedObject","line":640,"loc":{"start":{"line":640,"column":2},"end":{"line":640,"column":58}}},"56":{"name":"groupFlattenedData","line":660,"loc":{"start":{"line":660,"column":2},"end":{"line":660,"column":45}}},"57":{"name":"(anonymous_57)","line":663,"loc":{"start":{"line":663,"column":6},"end":{"line":663,"column":23}}},"58":{"name":"(anonymous_58)","line":666,"loc":{"start":{"line":666,"column":6},"end":{"line":666,"column":23}}},"59":{"name":"groupById","line":683,"loc":{"start":{"line":683,"column":2},"end":{"line":683,"column":85}}},"60":{"name":"extractEntriesByDescription","line":712,"loc":{"start":{"line":712,"column":2},"end":{"line":712,"column":67}}},"61":{"name":"(anonymous_61)","line":716,"loc":{"start":{"line":716,"column":25},"end":{"line":716,"column":42}}},"62":{"name":"applyGroupDestinationPattern","line":739,"loc":{"start":{"line":739,"column":2},"end":{"line":739,"column":55}}},"63":{"name":"fillInArrayValues","line":771,"loc":{"start":{"line":771,"column":2},"end":{"line":771,"column":44}}},"64":{"name":"(anonymous_64)","line":777,"loc":{"start":{"line":777,"column":25},"end":{"line":777,"column":42}}},"65":{"name":"propertiesAsArray","line":807,"loc":{"start":{"line":807,"column":2},"end":{"line":807,"column":42}}}},"statementMap":{"1":{"start":{"line":7,"column":0},"end":{"line":7,"column":26}},"2":{"start":{"line":15,"column":0},"end":{"line":15,"column":39}},"3":{"start":{"line":16,"column":0},"end":{"line":16,"column":92}},"4":{"start":{"line":17,"column":0},"end":{"line":17,"column":86}},"5":{"start":{"line":47,"column":0},"end":{"line":302,"column":5}},"6":{"start":{"line":53,"column":2},"end":{"line":190,"column":3}},"7":{"start":{"line":54,"column":4},"end":{"line":70,"column":6}},"8":{"start":{"line":71,"column":4},"end":{"line":74,"column":6}},"9":{"start":{"line":72,"column":6},"end":{"line":72,"column":36}},"10":{"start":{"line":73,"column":6},"end":{"line":73,"column":18}},"11":{"start":{"line":75,"column":4},"end":{"line":78,"column":6}},"12":{"start":{"line":76,"column":6},"end":{"line":76,"column":40}},"13":{"start":{"line":77,"column":6},"end":{"line":77,"column":18}},"14":{"start":{"line":79,"column":4},"end":{"line":82,"column":6}},"15":{"start":{"line":80,"column":6},"end":{"line":80,"column":61}},"16":{"start":{"line":81,"column":6},"end":{"line":81,"column":18}},"17":{"start":{"line":83,"column":4},"end":{"line":86,"column":6}},"18":{"start":{"line":84,"column":6},"end":{"line":84,"column":54}},"19":{"start":{"line":85,"column":6},"end":{"line":85,"column":18}},"20":{"start":{"line":91,"column":4},"end":{"line":94,"column":6}},"21":{"start":{"line":92,"column":6},"end":{"line":92,"column":59}},"22":{"start":{"line":93,"column":6},"end":{"line":93,"column":18}},"23":{"start":{"line":101,"column":4},"end":{"line":104,"column":6}},"24":{"start":{"line":102,"column":6},"end":{"line":102,"column":58}},"25":{"start":{"line":103,"column":6},"end":{"line":103,"column":18}},"26":{"start":{"line":111,"column":4},"end":{"line":114,"column":6}},"27":{"start":{"line":112,"column":6},"end":{"line":112,"column":64}},"28":{"start":{"line":113,"column":6},"end":{"line":113,"column":18}},"29":{"start":{"line":120,"column":4},"end":{"line":123,"column":6}},"30":{"start":{"line":121,"column":6},"end":{"line":121,"column":64}},"31":{"start":{"line":122,"column":6},"end":{"line":122,"column":18}},"32":{"start":{"line":124,"column":4},"end":{"line":136,"column":6}},"33":{"start":{"line":125,"column":6},"end":{"line":125,"column":106}},"34":{"start":{"line":126,"column":6},"end":{"line":128,"column":7}},"35":{"start":{"line":127,"column":8},"end":{"line":127,"column":20}},"36":{"start":{"line":129,"column":6},"end":{"line":131,"column":8}},"37":{"start":{"line":132,"column":6},"end":{"line":134,"column":8}},"38":{"start":{"line":135,"column":6},"end":{"line":135,"column":18}},"39":{"start":{"line":137,"column":4},"end":{"line":140,"column":6}},"40":{"start":{"line":138,"column":6},"end":{"line":138,"column":104}},"41":{"start":{"line":139,"column":6},"end":{"line":139,"column":18}},"42":{"start":{"line":141,"column":4},"end":{"line":144,"column":6}},"43":{"start":{"line":142,"column":6},"end":{"line":142,"column":58}},"44":{"start":{"line":143,"column":6},"end":{"line":143,"column":18}},"45":{"start":{"line":149,"column":4},"end":{"line":152,"column":6}},"46":{"start":{"line":150,"column":6},"end":{"line":150,"column":61}},"47":{"start":{"line":151,"column":6},"end":{"line":151,"column":18}},"48":{"start":{"line":157,"column":4},"end":{"line":160,"column":6}},"49":{"start":{"line":158,"column":6},"end":{"line":158,"column":72}},"50":{"start":{"line":159,"column":6},"end":{"line":159,"column":18}},"51":{"start":{"line":165,"column":4},"end":{"line":168,"column":6}},"52":{"start":{"line":166,"column":6},"end":{"line":166,"column":93}},"53":{"start":{"line":167,"column":6},"end":{"line":167,"column":18}},"54":{"start":{"line":173,"column":4},"end":{"line":176,"column":6}},"55":{"start":{"line":174,"column":6},"end":{"line":174,"column":69}},"56":{"start":{"line":175,"column":6},"end":{"line":175,"column":18}},"57":{"start":{"line":177,"column":4},"end":{"line":189,"column":6}},"58":{"start":{"line":178,"column":6},"end":{"line":178,"column":97}},"59":{"start":{"line":179,"column":6},"end":{"line":181,"column":7}},"60":{"start":{"line":180,"column":8},"end":{"line":180,"column":37}},"61":{"start":{"line":182,"column":6},"end":{"line":184,"column":7}},"62":{"start":{"line":183,"column":8},"end":{"line":183,"column":27}},"63":{"start":{"line":185,"column":6},"end":{"line":187,"column":7}},"64":{"start":{"line":186,"column":8},"end":{"line":186,"column":38}},"65":{"start":{"line":188,"column":6},"end":{"line":188,"column":30}},"66":{"start":{"line":192,"column":2},"end":{"line":203,"column":3}},"67":{"start":{"line":193,"column":4},"end":{"line":197,"column":5}},"68":{"start":{"line":194,"column":6},"end":{"line":196,"column":8}},"69":{"start":{"line":195,"column":8},"end":{"line":195,"column":21}},"70":{"start":{"line":198,"column":4},"end":{"line":201,"column":5}},"71":{"start":{"line":199,"column":6},"end":{"line":199,"column":55}},"72":{"start":{"line":200,"column":6},"end":{"line":200,"column":61}},"73":{"start":{"line":202,"column":4},"end":{"line":202,"column":58}},"74":{"start":{"line":205,"column":2},"end":{"line":220,"column":3}},"75":{"start":{"line":206,"column":4},"end":{"line":206,"column":61}},"76":{"start":{"line":207,"column":4},"end":{"line":211,"column":5}},"77":{"start":{"line":208,"column":6},"end":{"line":210,"column":8}},"78":{"start":{"line":209,"column":8},"end":{"line":209,"column":21}},"79":{"start":{"line":212,"column":4},"end":{"line":216,"column":5}},"80":{"start":{"line":213,"column":6},"end":{"line":215,"column":8}},"81":{"start":{"line":214,"column":8},"end":{"line":214,"column":120}},"82":{"start":{"line":217,"column":4},"end":{"line":219,"column":6}},"83":{"start":{"line":218,"column":6},"end":{"line":218,"column":72}},"84":{"start":{"line":222,"column":2},"end":{"line":229,"column":3}},"85":{"start":{"line":223,"column":4},"end":{"line":223,"column":56}},"86":{"start":{"line":224,"column":4},"end":{"line":224,"column":54}},"87":{"start":{"line":225,"column":4},"end":{"line":227,"column":5}},"88":{"start":{"line":226,"column":6},"end":{"line":226,"column":22}},"89":{"start":{"line":228,"column":4},"end":{"line":228,"column":24}},"90":{"start":{"line":231,"column":2},"end":{"line":236,"column":3}},"91":{"start":{"line":232,"column":4},"end":{"line":234,"column":5}},"92":{"start":{"line":233,"column":6},"end":{"line":233,"column":60}},"93":{"start":{"line":235,"column":4},"end":{"line":235,"column":17}},"94":{"start":{"line":238,"column":2},"end":{"line":242,"column":3}},"95":{"start":{"line":239,"column":4},"end":{"line":241,"column":6}},"96":{"start":{"line":240,"column":6},"end":{"line":240,"column":69}},"97":{"start":{"line":244,"column":2},"end":{"line":250,"column":3}},"98":{"start":{"line":245,"column":4},"end":{"line":249,"column":6}},"99":{"start":{"line":246,"column":6},"end":{"line":246,"column":51}},"100":{"start":{"line":247,"column":6},"end":{"line":247,"column":38}},"101":{"start":{"line":248,"column":6},"end":{"line":248,"column":57}},"102":{"start":{"line":252,"column":2},"end":{"line":261,"column":3}},"103":{"start":{"line":253,"column":4},"end":{"line":260,"column":6}},"104":{"start":{"line":254,"column":6},"end":{"line":254,"column":98}},"105":{"start":{"line":255,"column":6},"end":{"line":255,"column":43}},"106":{"start":{"line":256,"column":6},"end":{"line":258,"column":7}},"107":{"start":{"line":257,"column":8},"end":{"line":257,"column":24}},"108":{"start":{"line":259,"column":6},"end":{"line":259,"column":56}},"109":{"start":{"line":263,"column":2},"end":{"line":267,"column":3}},"110":{"start":{"line":264,"column":4},"end":{"line":266,"column":6}},"111":{"start":{"line":265,"column":6},"end":{"line":265,"column":56}},"112":{"start":{"line":269,"column":2},"end":{"line":272,"column":3}},"113":{"start":{"line":270,"column":4},"end":{"line":270,"column":104}},"114":{"start":{"line":271,"column":4},"end":{"line":271,"column":118}},"115":{"start":{"line":274,"column":2},"end":{"line":282,"column":3}},"116":{"start":{"line":275,"column":4},"end":{"line":275,"column":60}},"117":{"start":{"line":276,"column":4},"end":{"line":278,"column":5}},"118":{"start":{"line":277,"column":6},"end":{"line":277,"column":61}},"119":{"start":{"line":279,"column":4},"end":{"line":279,"column":60}},"120":{"start":{"line":280,"column":4},"end":{"line":280,"column":28}},"121":{"start":{"line":281,"column":4},"end":{"line":281,"column":36}},"122":{"start":{"line":284,"column":2},"end":{"line":287,"column":3}},"123":{"start":{"line":285,"column":4},"end":{"line":285,"column":63}},"124":{"start":{"line":286,"column":4},"end":{"line":286,"column":62}},"125":{"start":{"line":289,"column":2},"end":{"line":291,"column":3}},"126":{"start":{"line":290,"column":4},"end":{"line":290,"column":59}},"127":{"start":{"line":293,"column":2},"end":{"line":295,"column":3}},"128":{"start":{"line":294,"column":4},"end":{"line":294,"column":69}},"129":{"start":{"line":301,"column":2},"end":{"line":301,"column":38}},"130":{"start":{"line":338,"column":0},"end":{"line":520,"column":5}},"131":{"start":{"line":341,"column":2},"end":{"line":341,"column":64}},"132":{"start":{"line":346,"column":2},"end":{"line":411,"column":3}},"133":{"start":{"line":347,"column":4},"end":{"line":347,"column":40}},"134":{"start":{"line":348,"column":4},"end":{"line":348,"column":91}},"135":{"start":{"line":349,"column":4},"end":{"line":349,"column":64}},"136":{"start":{"line":351,"column":4},"end":{"line":351,"column":41}},"137":{"start":{"line":352,"column":4},"end":{"line":352,"column":33}},"138":{"start":{"line":353,"column":4},"end":{"line":353,"column":49}},"139":{"start":{"line":354,"column":4},"end":{"line":354,"column":35}},"140":{"start":{"line":360,"column":4},"end":{"line":360,"column":37}},"141":{"start":{"line":361,"column":4},"end":{"line":361,"column":98}},"142":{"start":{"line":362,"column":4},"end":{"line":362,"column":94}},"143":{"start":{"line":363,"column":4},"end":{"line":363,"column":29}},"144":{"start":{"line":364,"column":4},"end":{"line":364,"column":93}},"145":{"start":{"line":365,"column":4},"end":{"line":365,"column":36}},"146":{"start":{"line":367,"column":4},"end":{"line":374,"column":6}},"147":{"start":{"line":375,"column":4},"end":{"line":378,"column":6}},"148":{"start":{"line":379,"column":4},"end":{"line":382,"column":6}},"149":{"start":{"line":383,"column":4},"end":{"line":386,"column":6}},"150":{"start":{"line":398,"column":4},"end":{"line":400,"column":6}},"151":{"start":{"line":399,"column":6},"end":{"line":399,"column":76}},"152":{"start":{"line":406,"column":4},"end":{"line":410,"column":6}},"153":{"start":{"line":407,"column":6},"end":{"line":407,"column":72}},"154":{"start":{"line":408,"column":6},"end":{"line":408,"column":71}},"155":{"start":{"line":409,"column":6},"end":{"line":409,"column":111}},"156":{"start":{"line":419,"column":2},"end":{"line":422,"column":3}},"157":{"start":{"line":420,"column":4},"end":{"line":420,"column":62}},"158":{"start":{"line":421,"column":4},"end":{"line":421,"column":68}},"159":{"start":{"line":431,"column":2},"end":{"line":446,"column":3}},"160":{"start":{"line":432,"column":4},"end":{"line":432,"column":28}},"161":{"start":{"line":433,"column":4},"end":{"line":433,"column":25}},"162":{"start":{"line":434,"column":4},"end":{"line":434,"column":14}},"163":{"start":{"line":435,"column":4},"end":{"line":444,"column":20}},"164":{"start":{"line":436,"column":6},"end":{"line":436,"column":61}},"165":{"start":{"line":437,"column":6},"end":{"line":443,"column":7}},"166":{"start":{"line":438,"column":8},"end":{"line":440,"column":9}},"167":{"start":{"line":439,"column":10},"end":{"line":439,"column":32}},"168":{"start":{"line":441,"column":8},"end":{"line":441,"column":35}},"169":{"start":{"line":442,"column":8},"end":{"line":442,"column":45}},"170":{"start":{"line":445,"column":4},"end":{"line":445,"column":72}},"171":{"start":{"line":451,"column":2},"end":{"line":463,"column":3}},"172":{"start":{"line":452,"column":4},"end":{"line":452,"column":20}},"173":{"start":{"line":453,"column":4},"end":{"line":453,"column":22}},"174":{"start":{"line":454,"column":4},"end":{"line":454,"column":21}},"175":{"start":{"line":455,"column":4},"end":{"line":455,"column":41}},"176":{"start":{"line":456,"column":4},"end":{"line":461,"column":5}},"177":{"start":{"line":457,"column":6},"end":{"line":457,"column":50}},"178":{"start":{"line":458,"column":6},"end":{"line":460,"column":7}},"179":{"start":{"line":459,"column":8},"end":{"line":459,"column":34}},"180":{"start":{"line":462,"column":4},"end":{"line":462,"column":18}},"181":{"start":{"line":476,"column":2},"end":{"line":480,"column":3}},"182":{"start":{"line":477,"column":4},"end":{"line":479,"column":6}},"183":{"start":{"line":478,"column":6},"end":{"line":478,"column":64}},"184":{"start":{"line":491,"column":2},"end":{"line":513,"column":3}},"185":{"start":{"line":492,"column":4},"end":{"line":494,"column":5}},"186":{"start":{"line":493,"column":6},"end":{"line":493,"column":23}},"187":{"start":{"line":495,"column":4},"end":{"line":497,"column":5}},"188":{"start":{"line":496,"column":6},"end":{"line":496,"column":23}},"189":{"start":{"line":498,"column":4},"end":{"line":511,"column":5}},"190":{"start":{"line":499,"column":6},"end":{"line":499,"column":31}},"191":{"start":{"line":500,"column":6},"end":{"line":500,"column":29}},"192":{"start":{"line":501,"column":6},"end":{"line":501,"column":27}},"193":{"start":{"line":502,"column":6},"end":{"line":509,"column":7}},"194":{"start":{"line":503,"column":8},"end":{"line":503,"column":29}},"195":{"start":{"line":504,"column":8},"end":{"line":504,"column":25}},"196":{"start":{"line":505,"column":8},"end":{"line":507,"column":9}},"197":{"start":{"line":506,"column":10},"end":{"line":506,"column":90}},"198":{"start":{"line":508,"column":8},"end":{"line":508,"column":38}},"199":{"start":{"line":510,"column":6},"end":{"line":510,"column":25}},"200":{"start":{"line":512,"column":4},"end":{"line":512,"column":17}},"201":{"start":{"line":519,"column":2},"end":{"line":519,"column":24}},"202":{"start":{"line":522,"column":0},"end":{"line":832,"column":5}},"203":{"start":{"line":532,"column":2},"end":{"line":562,"column":3}},"204":{"start":{"line":534,"column":4},"end":{"line":534,"column":71}},"205":{"start":{"line":536,"column":4},"end":{"line":536,"column":53}},"206":{"start":{"line":538,"column":4},"end":{"line":541,"column":5}},"207":{"start":{"line":539,"column":6},"end":{"line":539,"column":55}},"208":{"start":{"line":540,"column":6},"end":{"line":540,"column":33}},"209":{"start":{"line":544,"column":4},"end":{"line":544,"column":27}},"210":{"start":{"line":545,"column":4},"end":{"line":551,"column":5}},"211":{"start":{"line":546,"column":6},"end":{"line":546,"column":55}},"212":{"start":{"line":548,"column":6},"end":{"line":548,"column":88}},"213":{"start":{"line":550,"column":6},"end":{"line":550,"column":83}},"214":{"start":{"line":552,"column":4},"end":{"line":552,"column":34}},"215":{"start":{"line":555,"column":4},"end":{"line":555,"column":54}},"216":{"start":{"line":558,"column":4},"end":{"line":558,"column":64}},"217":{"start":{"line":561,"column":4},"end":{"line":561,"column":44}},"218":{"start":{"line":583,"column":2},"end":{"line":598,"column":3}},"219":{"start":{"line":584,"column":4},"end":{"line":584,"column":82}},"220":{"start":{"line":585,"column":4},"end":{"line":585,"column":20}},"221":{"start":{"line":586,"column":4},"end":{"line":592,"column":5}},"222":{"start":{"line":587,"column":6},"end":{"line":587,"column":33}},"223":{"start":{"line":588,"column":6},"end":{"line":588,"column":42}},"224":{"start":{"line":589,"column":6},"end":{"line":591,"column":7}},"225":{"start":{"line":590,"column":8},"end":{"line":590,"column":27}},"226":{"start":{"line":593,"column":4},"end":{"line":596,"column":5}},"227":{"start":{"line":594,"column":6},"end":{"line":594,"column":40}},"228":{"start":{"line":595,"column":6},"end":{"line":595,"column":25}},"229":{"start":{"line":597,"column":4},"end":{"line":597,"column":18}},"230":{"start":{"line":622,"column":2},"end":{"line":630,"column":3}},"231":{"start":{"line":623,"column":4},"end":{"line":625,"column":5}},"232":{"start":{"line":624,"column":6},"end":{"line":624,"column":28}},"233":{"start":{"line":626,"column":4},"end":{"line":628,"column":6}},"234":{"start":{"line":627,"column":6},"end":{"line":627,"column":47}},"235":{"start":{"line":629,"column":4},"end":{"line":629,"column":76}},"236":{"start":{"line":640,"column":2},"end":{"line":647,"column":3}},"237":{"start":{"line":641,"column":4},"end":{"line":641,"column":39}},"238":{"start":{"line":642,"column":4},"end":{"line":645,"column":5}},"239":{"start":{"line":643,"column":6},"end":{"line":643,"column":36}},"240":{"start":{"line":644,"column":6},"end":{"line":644,"column":62}},"241":{"start":{"line":646,"column":4},"end":{"line":646,"column":27}},"242":{"start":{"line":660,"column":2},"end":{"line":670,"column":3}},"243":{"start":{"line":661,"column":4},"end":{"line":669,"column":6}},"244":{"start":{"line":664,"column":8},"end":{"line":664,"column":41}},"245":{"start":{"line":667,"column":8},"end":{"line":667,"column":44}},"246":{"start":{"line":683,"column":2},"end":{"line":702,"column":3}},"247":{"start":{"line":684,"column":4},"end":{"line":684,"column":37}},"248":{"start":{"line":685,"column":4},"end":{"line":700,"column":5}},"249":{"start":{"line":686,"column":6},"end":{"line":686,"column":36}},"250":{"start":{"line":687,"column":6},"end":{"line":687,"column":54}},"251":{"start":{"line":688,"column":6},"end":{"line":690,"column":7}},"252":{"start":{"line":689,"column":8},"end":{"line":689,"column":17}},"253":{"start":{"line":691,"column":6},"end":{"line":691,"column":58}},"254":{"start":{"line":692,"column":6},"end":{"line":694,"column":7}},"255":{"start":{"line":693,"column":8},"end":{"line":693,"column":17}},"256":{"start":{"line":695,"column":6},"end":{"line":698,"column":7}},"257":{"start":{"line":696,"column":8},"end":{"line":696,"column":41}},"258":{"start":{"line":697,"column":8},"end":{"line":697,"column":47}},"259":{"start":{"line":699,"column":6},"end":{"line":699,"column":54}},"260":{"start":{"line":701,"column":4},"end":{"line":701,"column":25}},"261":{"start":{"line":712,"column":2},"end":{"line":726,"column":3}},"262":{"start":{"line":713,"column":4},"end":{"line":713,"column":66}},"263":{"start":{"line":714,"column":4},"end":{"line":714,"column":22}},"264":{"start":{"line":716,"column":4},"end":{"line":724,"column":7}},"265":{"start":{"line":717,"column":6},"end":{"line":717,"column":93}},"266":{"start":{"line":718,"column":6},"end":{"line":723,"column":7}},"267":{"start":{"line":719,"column":8},"end":{"line":719,"column":90}},"268":{"start":{"line":720,"column":8},"end":{"line":722,"column":9}},"269":{"start":{"line":721,"column":10},"end":{"line":721,"column":40}},"270":{"start":{"line":725,"column":4},"end":{"line":725,"column":20}},"271":{"start":{"line":739,"column":2},"end":{"line":762,"column":3}},"272":{"start":{"line":740,"column":4},"end":{"line":740,"column":42}},"273":{"start":{"line":741,"column":4},"end":{"line":741,"column":26}},"274":{"start":{"line":742,"column":4},"end":{"line":755,"column":5}},"275":{"start":{"line":743,"column":6},"end":{"line":743,"column":28}},"276":{"start":{"line":744,"column":6},"end":{"line":744,"column":37}},"277":{"start":{"line":745,"column":6},"end":{"line":754,"column":7}},"278":{"start":{"line":746,"column":8},"end":{"line":746,"column":66}},"279":{"start":{"line":747,"column":8},"end":{"line":753,"column":9}},"280":{"start":{"line":748,"column":10},"end":{"line":748,"column":61}},"281":{"start":{"line":749,"column":10},"end":{"line":749,"column":101}},"282":{"start":{"line":750,"column":10},"end":{"line":750,"column":95}},"283":{"start":{"line":751,"column":10},"end":{"line":751,"column":96}},"284":{"start":{"line":752,"column":10},"end":{"line":752,"column":33}},"285":{"start":{"line":757,"column":4},"end":{"line":760,"column":5}},"286":{"start":{"line":758,"column":6},"end":{"line":758,"column":44}},"287":{"start":{"line":759,"column":6},"end":{"line":759,"column":40}},"288":{"start":{"line":761,"column":4},"end":{"line":761,"column":25}},"289":{"start":{"line":771,"column":2},"end":{"line":800,"column":3}},"290":{"start":{"line":772,"column":4},"end":{"line":772,"column":66}},"291":{"start":{"line":773,"column":4},"end":{"line":773,"column":20}},"292":{"start":{"line":774,"column":4},"end":{"line":774,"column":31}},"293":{"start":{"line":775,"column":4},"end":{"line":775,"column":36}},"294":{"start":{"line":777,"column":4},"end":{"line":798,"column":7}},"295":{"start":{"line":778,"column":6},"end":{"line":785,"column":7}},"296":{"start":{"line":779,"column":8},"end":{"line":782,"column":9}},"297":{"start":{"line":780,"column":10},"end":{"line":780,"column":110}},"298":{"start":{"line":781,"column":10},"end":{"line":781,"column":33}},"299":{"start":{"line":783,"column":8},"end":{"line":783,"column":27}},"300":{"start":{"line":784,"column":8},"end":{"line":784,"column":15}},"301":{"start":{"line":786,"column":6},"end":{"line":786,"column":98}},"302":{"start":{"line":787,"column":6},"end":{"line":796,"column":7}},"303":{"start":{"line":788,"column":8},"end":{"line":788,"column":53}},"304":{"start":{"line":790,"column":8},"end":{"line":793,"column":9}},"305":{"start":{"line":791,"column":10},"end":{"line":791,"column":110}},"306":{"start":{"line":792,"column":10},"end":{"line":792,"column":33}},"307":{"start":{"line":794,"column":8},"end":{"line":794,"column":66}},"308":{"start":{"line":795,"column":8},"end":{"line":795,"column":45}},"309":{"start":{"line":797,"column":6},"end":{"line":797,"column":25}},"310":{"start":{"line":799,"column":4},"end":{"line":799,"column":18}},"311":{"start":{"line":807,"column":2},"end":{"line":816,"column":3}},"312":{"start":{"line":808,"column":4},"end":{"line":808,"column":20}},"313":{"start":{"line":809,"column":4},"end":{"line":809,"column":49}},"314":{"start":{"line":810,"column":4},"end":{"line":814,"column":5}},"315":{"start":{"line":811,"column":6},"end":{"line":811,"column":54}},"316":{"start":{"line":812,"column":6},"end":{"line":812,"column":52}},"317":{"start":{"line":813,"column":6},"end":{"line":813,"column":33}},"318":{"start":{"line":815,"column":4},"end":{"line":815,"column":18}},"319":{"start":{"line":822,"column":2},"end":{"line":831,"column":4}}},"branchMap":{"1":{"line":7,"type":"binary-expr","locations":[{"start":{"line":7,"column":13},"end":{"line":7,"column":19}},{"start":{"line":7,"column":23},"end":{"line":7,"column":25}}]},"2":{"line":16,"type":"binary-expr","locations":[{"start":{"line":16,"column":28},"end":{"line":16,"column":49}},{"start":{"line":16,"column":53},"end":{"line":16,"column":91}}]},"3":{"line":17,"type":"binary-expr","locations":[{"start":{"line":17,"column":24},"end":{"line":17,"column":41}},{"start":{"line":17,"column":45},"end":{"line":17,"column":85}}]},"4":{"line":126,"type":"if","locations":[{"start":{"line":126,"column":6},"end":{"line":126,"column":6}},{"start":{"line":126,"column":6},"end":{"line":126,"column":6}}]},"5":{"line":179,"type":"if","locations":[{"start":{"line":179,"column":6},"end":{"line":179,"column":6}},{"start":{"line":179,"column":6},"end":{"line":179,"column":6}}]},"6":{"line":182,"type":"if","locations":[{"start":{"line":182,"column":6},"end":{"line":182,"column":6}},{"start":{"line":182,"column":6},"end":{"line":182,"column":6}}]},"7":{"line":185,"type":"if","locations":[{"start":{"line":185,"column":6},"end":{"line":185,"column":6}},{"start":{"line":185,"column":6},"end":{"line":185,"column":6}}]},"8":{"line":193,"type":"if","locations":[{"start":{"line":193,"column":4},"end":{"line":193,"column":4}},{"start":{"line":193,"column":4},"end":{"line":193,"column":4}}]},"9":{"line":198,"type":"if","locations":[{"start":{"line":198,"column":4},"end":{"line":198,"column":4}},{"start":{"line":198,"column":4},"end":{"line":198,"column":4}}]},"10":{"line":207,"type":"if","locations":[{"start":{"line":207,"column":4},"end":{"line":207,"column":4}},{"start":{"line":207,"column":4},"end":{"line":207,"column":4}}]},"11":{"line":212,"type":"if","locations":[{"start":{"line":212,"column":4},"end":{"line":212,"column":4}},{"start":{"line":212,"column":4},"end":{"line":212,"column":4}}]},"12":{"line":225,"type":"if","locations":[{"start":{"line":225,"column":4},"end":{"line":225,"column":4}},{"start":{"line":225,"column":4},"end":{"line":225,"column":4}}]},"13":{"line":232,"type":"if","locations":[{"start":{"line":232,"column":4},"end":{"line":232,"column":4}},{"start":{"line":232,"column":4},"end":{"line":232,"column":4}}]},"14":{"line":247,"type":"cond-expr","locations":[{"start":{"line":247,"column":28},"end":{"line":247,"column":32}},{"start":{"line":247,"column":35},"end":{"line":247,"column":37}}]},"15":{"line":256,"type":"if","locations":[{"start":{"line":256,"column":6},"end":{"line":256,"column":6}},{"start":{"line":256,"column":6},"end":{"line":256,"column":6}}]},"16":{"line":256,"type":"binary-expr","locations":[{"start":{"line":256,"column":10},"end":{"line":256,"column":15}},{"start":{"line":256,"column":19},"end":{"line":256,"column":33}}]},"17":{"line":276,"type":"if","locations":[{"start":{"line":276,"column":4},"end":{"line":276,"column":4}},{"start":{"line":276,"column":4},"end":{"line":276,"column":4}}]},"18":{"line":290,"type":"cond-expr","locations":[{"start":{"line":290,"column":38},"end":{"line":290,"column":43}},{"start":{"line":290,"column":46},"end":{"line":290,"column":58}}]},"19":{"line":294,"type":"binary-expr","locations":[{"start":{"line":294,"column":11},"end":{"line":294,"column":36}},{"start":{"line":294,"column":40},"end":{"line":294,"column":53}},{"start":{"line":294,"column":57},"end":{"line":294,"column":68}}]},"20":{"line":408,"type":"cond-expr","locations":[{"start":{"line":408,"column":61},"end":{"line":408,"column":66}},{"start":{"line":408,"column":69},"end":{"line":408,"column":70}}]},"21":{"line":437,"type":"if","locations":[{"start":{"line":437,"column":6},"end":{"line":437,"column":6}},{"start":{"line":437,"column":6},"end":{"line":437,"column":6}}]},"22":{"line":438,"type":"if","locations":[{"start":{"line":438,"column":8},"end":{"line":438,"column":8}},{"start":{"line":438,"column":8},"end":{"line":438,"column":8}}]},"23":{"line":458,"type":"if","locations":[{"start":{"line":458,"column":6},"end":{"line":458,"column":6}},{"start":{"line":458,"column":6},"end":{"line":458,"column":6}}]},"24":{"line":458,"type":"binary-expr","locations":[{"start":{"line":458,"column":10},"end":{"line":458,"column":47}},{"start":{"line":458,"column":51},"end":{"line":458,"column":90}}]},"25":{"line":492,"type":"if","locations":[{"start":{"line":492,"column":4},"end":{"line":492,"column":4}},{"start":{"line":492,"column":4},"end":{"line":492,"column":4}}]},"26":{"line":492,"type":"binary-expr","locations":[{"start":{"line":492,"column":8},"end":{"line":492,"column":33}},{"start":{"line":492,"column":37},"end":{"line":492,"column":67}},{"start":{"line":492,"column":71},"end":{"line":492,"column":80}}]},"27":{"line":495,"type":"if","locations":[{"start":{"line":495,"column":4},"end":{"line":495,"column":4}},{"start":{"line":495,"column":4},"end":{"line":495,"column":4}}]},"28":{"line":498,"type":"if","locations":[{"start":{"line":498,"column":4},"end":{"line":498,"column":4}},{"start":{"line":498,"column":4},"end":{"line":498,"column":4}}]},"29":{"line":538,"type":"if","locations":[{"start":{"line":538,"column":4},"end":{"line":538,"column":4}},{"start":{"line":538,"column":4},"end":{"line":538,"column":4}}]},"30":{"line":538,"type":"binary-expr","locations":[{"start":{"line":538,"column":9},"end":{"line":538,"column":39}},{"start":{"line":538,"column":44},"end":{"line":538,"column":53}}]},"31":{"line":589,"type":"if","locations":[{"start":{"line":589,"column":6},"end":{"line":589,"column":6}},{"start":{"line":589,"column":6},"end":{"line":589,"column":6}}]},"32":{"line":589,"type":"binary-expr","locations":[{"start":{"line":589,"column":10},"end":{"line":589,"column":20}},{"start":{"line":589,"column":24},"end":{"line":589,"column":33}},{"start":{"line":589,"column":37},"end":{"line":589,"column":67}}]},"33":{"line":623,"type":"if","locations":[{"start":{"line":623,"column":4},"end":{"line":623,"column":4}},{"start":{"line":623,"column":4},"end":{"line":623,"column":4}}]},"34":{"line":623,"type":"binary-expr","locations":[{"start":{"line":623,"column":8},"end":{"line":623,"column":23}},{"start":{"line":623,"column":27},"end":{"line":623,"column":46}}]},"35":{"line":688,"type":"if","locations":[{"start":{"line":688,"column":6},"end":{"line":688,"column":6}},{"start":{"line":688,"column":6},"end":{"line":688,"column":6}}]},"36":{"line":692,"type":"if","locations":[{"start":{"line":692,"column":6},"end":{"line":692,"column":6}},{"start":{"line":692,"column":6},"end":{"line":692,"column":6}}]},"37":{"line":692,"type":"binary-expr","locations":[{"start":{"line":692,"column":10},"end":{"line":692,"column":27}},{"start":{"line":692,"column":31},"end":{"line":692,"column":47}}]},"38":{"line":695,"type":"if","locations":[{"start":{"line":695,"column":6},"end":{"line":695,"column":6}},{"start":{"line":695,"column":6},"end":{"line":695,"column":6}}]},"39":{"line":718,"type":"if","locations":[{"start":{"line":718,"column":6},"end":{"line":718,"column":6}},{"start":{"line":718,"column":6},"end":{"line":718,"column":6}}]},"40":{"line":720,"type":"if","locations":[{"start":{"line":720,"column":8},"end":{"line":720,"column":8}},{"start":{"line":720,"column":8},"end":{"line":720,"column":8}}]},"41":{"line":745,"type":"if","locations":[{"start":{"line":745,"column":6},"end":{"line":745,"column":6}},{"start":{"line":745,"column":6},"end":{"line":745,"column":6}}]},"42":{"line":747,"type":"if","locations":[{"start":{"line":747,"column":8},"end":{"line":747,"column":8}},{"start":{"line":747,"column":8},"end":{"line":747,"column":8}}]},"43":{"line":750,"type":"cond-expr","locations":[{"start":{"line":750,"column":53},"end":{"line":750,"column":83}},{"start":{"line":750,"column":86},"end":{"line":750,"column":94}}]},"44":{"line":778,"type":"if","locations":[{"start":{"line":778,"column":6},"end":{"line":778,"column":6}},{"start":{"line":778,"column":6},"end":{"line":778,"column":6}}]},"45":{"line":779,"type":"if","locations":[{"start":{"line":779,"column":8},"end":{"line":779,"column":8}},{"start":{"line":779,"column":8},"end":{"line":779,"column":8}}]},"46":{"line":787,"type":"if","locations":[{"start":{"line":787,"column":6},"end":{"line":787,"column":6}},{"start":{"line":787,"column":6},"end":{"line":787,"column":6}}]},"47":{"line":790,"type":"if","locations":[{"start":{"line":790,"column":8},"end":{"line":790,"column":8}},{"start":{"line":790,"column":8},"end":{"line":790,"column":8}}]}}},"/Users/johannestroppacher/git/data-reconstruct-js/lib/js/flattenToArray.js":{"path":"/Users/johannestroppacher/git/data-reconstruct-js/lib/js/flattenToArray.js","s":{"1":1,"2":1,"3":1,"4":8408,"5":8408,"6":12,"7":1,"8":164976,"9":16942,"10":148034,"11":130552,"12":17482,"13":2980,"14":2980,"15":2980,"16":6536,"17":2980,"18":0,"19":0,"20":14502,"21":14502,"22":14502,"23":150032,"24":150032,"25":14502,"26":0,"27":8408,"28":8408},"b":{"1":[1,0],"2":[12,8396],"3":[8408,8396],"4":[16942,148034],"5":[164976,164928],"6":[130552,17482],"7":[2980,14502],"8":[0,2980],"9":[60396,89636],"10":[0,14502],"11":[14502,0]},"f":{"1":8408,"2":164976},"fnMap":{"1":{"name":"(anonymous_1)","line":26,"loc":{"start":{"line":26,"column":39},"end":{"line":26,"column":74}}},"2":{"name":"recurse","line":31,"loc":{"start":{"line":31,"column":2},"end":{"line":31,"column":37}}}},"statementMap":{"1":{"start":{"line":7,"column":0},"end":{"line":7,"column":26}},"2":{"start":{"line":13,"column":0},"end":{"line":13,"column":46}},"3":{"start":{"line":26,"column":0},"end":{"line":61,"column":2}},"4":{"start":{"line":27,"column":2},"end":{"line":27,"column":18}},"5":{"start":{"line":28,"column":2},"end":{"line":30,"column":3}},"6":{"start":{"line":29,"column":4},"end":{"line":29,"column":27}},"7":{"start":{"line":31,"column":2},"end":{"line":58,"column":3}},"8":{"start":{"line":32,"column":4},"end":{"line":34,"column":5}},"9":{"start":{"line":33,"column":6},"end":{"line":33,"column":13}},"10":{"start":{"line":35,"column":4},"end":{"line":57,"column":5}},"11":{"start":{"line":36,"column":6},"end":{"line":36,"column":46}},"12":{"start":{"line":37,"column":11},"end":{"line":57,"column":5}},"13":{"start":{"line":38,"column":6},"end":{"line":38,"column":12}},"14":{"start":{"line":39,"column":6},"end":{"line":39,"column":25}},"15":{"start":{"line":40,"column":6},"end":{"line":42,"column":7}},"16":{"start":{"line":41,"column":8},"end":{"line":41,"column":57}},"17":{"start":{"line":43,"column":6},"end":{"line":46,"column":7}},"18":{"start":{"line":44,"column":8},"end":{"line":44,"column":26}},"19":{"start":{"line":45,"column":8},"end":{"line":45,"column":47}},"20":{"start":{"line":48,"column":6},"end":{"line":48,"column":25}},"21":{"start":{"line":49,"column":6},"end":{"line":49,"column":12}},"22":{"start":{"line":50,"column":6},"end":{"line":53,"column":7}},"23":{"start":{"line":51,"column":8},"end":{"line":51,"column":24}},"24":{"start":{"line":52,"column":8},"end":{"line":52,"column":62}},"25":{"start":{"line":54,"column":6},"end":{"line":56,"column":7}},"26":{"start":{"line":55,"column":8},"end":{"line":55,"column":47}},"27":{"start":{"line":59,"column":2},"end":{"line":59,"column":23}},"28":{"start":{"line":60,"column":2},"end":{"line":60,"column":16}}},"branchMap":{"1":{"line":7,"type":"binary-expr","locations":[{"start":{"line":7,"column":13},"end":{"line":7,"column":19}},{"start":{"line":7,"column":23},"end":{"line":7,"column":25}}]},"2":{"line":28,"type":"if","locations":[{"start":{"line":28,"column":2},"end":{"line":28,"column":2}},{"start":{"line":28,"column":2},"end":{"line":28,"column":2}}]},"3":{"line":28,"type":"binary-expr","locations":[{"start":{"line":28,"column":6},"end":{"line":28,"column":43}},{"start":{"line":28,"column":47},"end":{"line":28,"column":68}}]},"4":{"line":32,"type":"if","locations":[{"start":{"line":32,"column":4},"end":{"line":32,"column":4}},{"start":{"line":32,"column":4},"end":{"line":32,"column":4}}]},"5":{"line":32,"type":"binary-expr","locations":[{"start":{"line":32,"column":8},"end":{"line":32,"column":33}},{"start":{"line":32,"column":37},"end":{"line":32,"column":62}}]},"6":{"line":35,"type":"if","locations":[{"start":{"line":35,"column":4},"end":{"line":35,"column":4}},{"start":{"line":35,"column":4},"end":{"line":35,"column":4}}]},"7":{"line":37,"type":"if","locations":[{"start":{"line":37,"column":11},"end":{"line":37,"column":11}},{"start":{"line":37,"column":11},"end":{"line":37,"column":11}}]},"8":{"line":43,"type":"if","locations":[{"start":{"line":43,"column":6},"end":{"line":43,"column":6}},{"start":{"line":43,"column":6},"end":{"line":43,"column":6}}]},"9":{"line":52,"type":"cond-expr","locations":[{"start":{"line":52,"column":31},"end":{"line":52,"column":45}},{"start":{"line":52,"column":48},"end":{"line":52,"column":49}}]},"10":{"line":54,"type":"if","locations":[{"start":{"line":54,"column":6},"end":{"line":54,"column":6}},{"start":{"line":54,"column":6},"end":{"line":54,"column":6}}]},"11":{"line":54,"type":"binary-expr","locations":[{"start":{"line":54,"column":10},"end":{"line":54,"column":17}},{"start":{"line":54,"column":21},"end":{"line":54,"column":25}}]}}},"/Users/johannestroppacher/git/data-reconstruct-js/src/js/templateResolver.js":{"path":"/Users/johannestroppacher/git/data-reconstruct-js/src/js/templateResolver.js","s":{"1":1,"2":1,"3":1,"4":1,"5":1,"6":1,"7":961,"8":961,"9":26,"10":961,"11":2816,"12":2816,"13":129712,"14":2816,"15":2816,"16":8396,"17":2816,"18":961,"19":2816,"20":2816,"21":2816,"22":2816,"23":2816,"24":2816,"25":65002,"26":65002,"27":65002,"28":2816,"29":1,"30":26,"31":26,"32":26,"33":314,"34":314,"35":314,"36":314,"37":32,"38":26,"39":1,"40":314,"41":314,"42":314,"43":54,"44":314,"45":314,"46":54,"47":314,"48":314,"49":1,"50":8396,"51":8396,"52":129712,"53":129712,"54":76130,"55":8396,"56":1},"b":{"1":[1,0],"2":[1,1],"3":[129712,76208],"4":[32,282],"5":[314,32],"6":[54,260],"7":[54,260],"8":[76130,53582],"9":[129712,129712]},"f":{"1":1,"2":961,"3":26,"4":2816,"5":129712,"6":2816,"7":26,"8":314,"9":8396},"fnMap":{"1":{"name":"(anonymous_1)","line":20,"loc":{"start":{"line":20,"column":30},"end":{"line":20,"column":42}}},"2":{"name":"Resolver","line":26,"loc":{"start":{"line":26,"column":2},"end":{"line":26,"column":38}}},"3":{"name":"(anonymous_3)","line":39,"loc":{"start":{"line":39,"column":27},"end":{"line":39,"column":47}}},"4":{"name":"(anonymous_4)","line":55,"loc":{"start":{"line":55,"column":33},"end":{"line":55,"column":52}}},"5":{"name":"(anonymous_5)","line":57,"loc":{"start":{"line":57,"column":33},"end":{"line":57,"column":57}}},"6":{"name":"(anonymous_6)","line":74,"loc":{"start":{"line":74,"column":35},"end":{"line":74,"column":90}}},"7":{"name":"addFieldsPerGroup","line":95,"loc":{"start":{"line":95,"column":2},"end":{"line":95,"column":34}}},"8":{"name":"getPropertyNameInfos","line":118,"loc":{"start":{"line":118,"column":2},"end":{"line":118,"column":50}}},"9":{"name":"addToFilteredMapObject","line":140,"loc":{"start":{"line":140,"column":2},"end":{"line":140,"column":78}}}},"statementMap":{"1":{"start":{"line":6,"column":0},"end":{"line":6,"column":26}},"2":{"start":{"line":12,"column":0},"end":{"line":12,"column":46}},"3":{"start":{"line":13,"column":0},"end":{"line":13,"column":92}},"4":{"start":{"line":20,"column":0},"end":{"line":156,"column":5}},"5":{"start":{"line":21,"column":2},"end":{"line":21,"column":64}},"6":{"start":{"line":26,"column":2},"end":{"line":87,"column":3}},"7":{"start":{"line":27,"column":4},"end":{"line":27,"column":45}},"8":{"start":{"line":39,"column":4},"end":{"line":41,"column":6}},"9":{"start":{"line":40,"column":6},"end":{"line":40,"column":122}},"10":{"start":{"line":55,"column":4},"end":{"line":65,"column":6}},"11":{"start":{"line":56,"column":6},"end":{"line":56,"column":19}},"12":{"start":{"line":57,"column":6},"end":{"line":59,"column":8}},"13":{"start":{"line":58,"column":8},"end":{"line":58,"column":80}},"14":{"start":{"line":60,"column":6},"end":{"line":60,"column":16}},"15":{"start":{"line":61,"column":6},"end":{"line":63,"column":7}},"16":{"start":{"line":62,"column":8},"end":{"line":62,"column":117}},"17":{"start":{"line":64,"column":6},"end":{"line":64,"column":17}},"18":{"start":{"line":74,"column":4},"end":{"line":86,"column":6}},"19":{"start":{"line":75,"column":6},"end":{"line":75,"column":47}},"20":{"start":{"line":76,"column":6},"end":{"line":76,"column":56}},"21":{"start":{"line":77,"column":6},"end":{"line":77,"column":28}},"22":{"start":{"line":78,"column":6},"end":{"line":78,"column":28}},"23":{"start":{"line":79,"column":6},"end":{"line":79,"column":29}},"24":{"start":{"line":80,"column":6},"end":{"line":84,"column":7}},"25":{"start":{"line":81,"column":8},"end":{"line":81,"column":52}},"26":{"start":{"line":82,"column":8},"end":{"line":82,"column":55}},"27":{"start":{"line":83,"column":8},"end":{"line":83,"column":79}},"28":{"start":{"line":85,"column":6},"end":{"line":85,"column":22}},"29":{"start":{"line":95,"column":2},"end":{"line":111,"column":3}},"30":{"start":{"line":96,"column":4},"end":{"line":96,"column":41}},"31":{"start":{"line":97,"column":4},"end":{"line":97,"column":57}},"32":{"start":{"line":98,"column":4},"end":{"line":109,"column":5}},"33":{"start":{"line":99,"column":6},"end":{"line":99,"column":42}},"34":{"start":{"line":100,"column":6},"end":{"line":100,"column":44}},"35":{"start":{"line":101,"column":6},"end":{"line":101,"column":60}},"36":{"start":{"line":106,"column":6},"end":{"line":108,"column":7}},"37":{"start":{"line":107,"column":8},"end":{"line":107,"column":103}},"38":{"start":{"line":110,"column":4},"end":{"line":110,"column":15}},"39":{"start":{"line":118,"column":2},"end":{"line":130,"column":3}},"40":{"start":{"line":119,"column":4},"end":{"line":119,"column":73}},"41":{"start":{"line":120,"column":4},"end":{"line":120,"column":40}},"42":{"start":{"line":121,"column":4},"end":{"line":123,"column":5}},"43":{"start":{"line":122,"column":6},"end":{"line":122,"column":79}},"44":{"start":{"line":124,"column":4},"end":{"line":124,"column":27}},"45":{"start":{"line":125,"column":4},"end":{"line":127,"column":5}},"46":{"start":{"line":126,"column":6},"end":{"line":126,"column":83}},"47":{"start":{"line":128,"column":4},"end":{"line":128,"column":95}},"48":{"start":{"line":129,"column":4},"end":{"line":129,"column":116}},"49":{"start":{"line":140,"column":2},"end":{"line":149,"column":3}},"50":{"start":{"line":141,"column":4},"end":{"line":141,"column":23}},"51":{"start":{"line":142,"column":4},"end":{"line":147,"column":5}},"52":{"start":{"line":143,"column":6},"end":{"line":143,"column":32}},"53":{"start":{"line":144,"column":6},"end":{"line":146,"column":7}},"54":{"start":{"line":145,"column":8},"end":{"line":145,"column":48}},"55":{"start":{"line":148,"column":4},"end":{"line":148,"column":21}},"56":{"start":{"line":155,"column":2},"end":{"line":155,"column":18}}},"branchMap":{"1":{"line":6,"type":"binary-expr","locations":[{"start":{"line":6,"column":13},"end":{"line":6,"column":19}},{"start":{"line":6,"column":23},"end":{"line":6,"column":25}}]},"2":{"line":13,"type":"binary-expr","locations":[{"start":{"line":13,"column":28},"end":{"line":13,"column":49}},{"start":{"line":13,"column":53},"end":{"line":13,"column":91}}]},"3":{"line":58,"type":"binary-expr","locations":[{"start":{"line":58,"column":15},"end":{"line":58,"column":45}},{"start":{"line":58,"column":49},"end":{"line":58,"column":79}}]},"4":{"line":106,"type":"if","locations":[{"start":{"line":106,"column":6},"end":{"line":106,"column":6}},{"start":{"line":106,"column":6},"end":{"line":106,"column":6}}]},"5":{"line":106,"type":"binary-expr","locations":[{"start":{"line":106,"column":10},"end":{"line":106,"column":43}},{"start":{"line":106,"column":47},"end":{"line":106,"column":76}}]},"6":{"line":121,"type":"if","locations":[{"start":{"line":121,"column":4},"end":{"line":121,"column":4}},{"start":{"line":121,"column":4},"end":{"line":121,"column":4}}]},"7":{"line":125,"type":"if","locations":[{"start":{"line":125,"column":4},"end":{"line":125,"column":4}},{"start":{"line":125,"column":4},"end":{"line":125,"column":4}}]},"8":{"line":144,"type":"if","locations":[{"start":{"line":144,"column":6},"end":{"line":144,"column":6}},{"start":{"line":144,"column":6},"end":{"line":144,"column":6}}]},"9":{"line":144,"type":"binary-expr","locations":[{"start":{"line":144,"column":10},"end":{"line":144,"column":53}},{"start":{"line":144,"column":57},"end":{"line":144,"column":92}}]}}}}