TN:
SF:/Users/johannestroppacher/git/data-reconstruct-js/src/js/datarestructor.js
FN:47,(anonymous_1)
FN:53,PropertyStructureDescription
FN:71,(anonymous_3)
FN:75,(anonymous_4)
FN:79,(anonymous_5)
FN:83,(anonymous_6)
FN:91,(anonymous_7)
FN:101,(anonymous_8)
FN:111,(anonymous_9)
FN:120,(anonymous_10)
FN:124,(anonymous_11)
FN:137,(anonymous_12)
FN:141,(anonymous_13)
FN:149,(anonymous_14)
FN:157,(anonymous_15)
FN:165,(anonymous_16)
FN:173,(anonymous_17)
FN:177,(anonymous_18)
FN:192,createNameExtractFunction
FN:194,(anonymous_20)
FN:205,createFunctionMatchesPropertyName
FN:208,(anonymous_22)
FN:213,(anonymous_23)
FN:217,(anonymous_24)
FN:222,rightMostPropertyNameElement
FN:231,upperCaseFirstLetter
FN:238,upperCaseFirstLetterForFunction
FN:239,(anonymous_28)
FN:244,removeArrayValuePropertyPostfixFunction
FN:245,(anonymous_30)
FN:252,extractNameUsingTemplatePattern
FN:253,(anonymous_32)
FN:263,extractNameUsingRightMostPropertyNameElement
FN:264,(anonymous_34)
FN:269,templateModePatternRegexForPattern
FN:274,templateModePatternRegexForPatternAndVariable
FN:284,escapeCharsForRegEx
FN:289,withDefault
FN:293,isSpecifiedString
FN:338,(anonymous_40)
FN:346,DescribedEntry
FN:398,(anonymous_42)
FN:406,(anonymous_43)
FN:419,indicesOf
FN:431,indicesOfWithRegex
FN:451,propertyNamesWithoutObjectsAndFunctions
FN:476,replacerRetainsOnlyDefinedPublicFields
FN:477,(anonymous_48)
FN:491,onlyDefinedPublicFields
FN:522,(anonymous_50)
FN:532,processJsonUsingDescriptions
FN:583,mergeFlattenedData
FN:622,deduplicateFlattenedData
FN:626,(anonymous_54)
FN:640,asIdBasedObject
FN:660,groupFlattenedData
FN:663,(anonymous_57)
FN:666,(anonymous_58)
FN:683,groupById
FN:712,extractEntriesByDescription
FN:716,(anonymous_61)
FN:739,applyGroupDestinationPattern
FN:771,fillInArrayValues
FN:777,(anonymous_64)
FN:807,propertiesAsArray
FNF:65
FNH:64
FNDA:1,(anonymous_1)
FNDA:162,PropertyStructureDescription
FNDA:113,(anonymous_3)
FNDA:113,(anonymous_4)
FNDA:17,(anonymous_5)
FNDA:17,(anonymous_6)
FNDA:27,(anonymous_7)
FNDA:46,(anonymous_8)
FNDA:72,(anonymous_9)
FNDA:61,(anonymous_10)
FNDA:162,(anonymous_11)
FNDA:162,(anonymous_12)
FNDA:61,(anonymous_13)
FNDA:61,(anonymous_14)
FNDA:25,(anonymous_15)
FNDA:162,(anonymous_16)
FNDA:25,(anonymous_17)
FNDA:162,(anonymous_18)
FNDA:324,createNameExtractFunction
FNDA:2,(anonymous_20)
FNDA:162,createFunctionMatchesPropertyName
FNDA:0,(anonymous_22)
FNDA:2741,(anonymous_23)
FNDA:1826,(anonymous_24)
FNDA:290,rightMostPropertyNameElement
FNDA:938,upperCaseFirstLetter
FNDA:161,upperCaseFirstLetterForFunction
FNDA:938,(anonymous_28)
FNDA:161,removeArrayValuePropertyPostfixFunction
FNDA:938,(anonymous_30)
FNDA:92,extractNameUsingTemplatePattern
FNDA:1588,(anonymous_32)
FNDA:230,extractNameUsingRightMostPropertyNameElement
FNDA:288,(anonymous_34)
FNDA:2741,templateModePatternRegexForPattern
FNDA:4329,templateModePatternRegexForPatternAndVariable
FNDA:5917,escapeCharsForRegEx
FNDA:501,withDefault
FNDA:1149,isSpecifiedString
FNDA:1,(anonymous_40)
FNDA:930,DescribedEntry
FNDA:13,(anonymous_42)
FNDA:8,(anonymous_43)
FNDA:930,indicesOf
FNDA:930,indicesOfWithRegex
FNDA:8,propertyNamesWithoutObjectsAndFunctions
FNDA:8,replacerRetainsOnlyDefinedPublicFields
FNDA:328,(anonymous_48)
FNDA:328,onlyDefinedPublicFields
FNDA:1,(anonymous_50)
FNDA:12,processJsonUsingDescriptions
FNDA:48,mergeFlattenedData
FNDA:60,deduplicateFlattenedData
FNDA:1812,(anonymous_54)
FNDA:48,asIdBasedObject
FNDA:12,groupFlattenedData
FNDA:816,(anonymous_57)
FNDA:816,(anonymous_58)
FNDA:12,groupById
FNDA:60,extractEntriesByDescription
FNDA:4560,(anonymous_61)
FNDA:12,applyGroupDestinationPattern
FNDA:12,fillInArrayValues
FNDA:840,(anonymous_64)
FNDA:12,propertiesAsArray
DA:7,1
DA:15,1
DA:16,1
DA:17,1
DA:47,1
DA:53,1
DA:54,162
DA:71,162
DA:72,113
DA:73,113
DA:75,162
DA:76,113
DA:77,113
DA:79,162
DA:80,17
DA:81,17
DA:83,162
DA:84,17
DA:85,17
DA:91,162
DA:92,27
DA:93,27
DA:101,162
DA:102,46
DA:103,46
DA:111,162
DA:112,72
DA:113,72
DA:120,162
DA:121,61
DA:122,61
DA:124,162
DA:125,162
DA:126,162
DA:127,1
DA:129,161
DA:132,161
DA:135,161
DA:137,162
DA:138,162
DA:139,162
DA:141,162
DA:142,61
DA:143,61
DA:149,162
DA:150,61
DA:151,61
DA:157,162
DA:158,25
DA:159,25
DA:165,162
DA:166,162
DA:167,162
DA:173,162
DA:174,25
DA:175,25
DA:177,162
DA:178,162
DA:179,162
DA:180,159
DA:182,162
DA:183,159
DA:185,162
DA:186,149
DA:188,162
DA:192,1
DA:193,324
DA:194,2
DA:195,2
DA:198,322
DA:199,92
DA:200,92
DA:202,230
DA:205,1
DA:206,162
DA:207,162
DA:208,90
DA:209,0
DA:212,72
DA:213,45
DA:214,2741
DA:217,27
DA:218,1826
DA:222,1
DA:223,290
DA:224,290
DA:225,290
DA:226,288
DA:228,2
DA:231,1
DA:232,938
DA:233,937
DA:235,1
DA:238,1
DA:239,161
DA:240,938
DA:244,1
DA:245,161
DA:246,938
DA:247,938
DA:248,938
DA:252,1
DA:253,92
DA:254,1588
DA:255,1588
DA:256,1588
DA:257,1586
DA:259,2
DA:263,1
DA:264,230
DA:265,288
DA:269,1
DA:270,2741
DA:271,2741
DA:274,1
DA:275,4329
DA:276,4329
DA:277,1588
DA:279,4329
DA:280,4329
DA:281,4329
DA:284,1
DA:285,5917
DA:286,5917
DA:289,1
DA:290,501
DA:293,1
DA:294,1149
DA:301,1
DA:338,1
DA:341,1
DA:346,1
DA:347,930
DA:348,930
DA:349,930
DA:351,930
DA:352,930
DA:353,930
DA:354,930
DA:360,930
DA:361,930
DA:362,930
DA:363,930
DA:364,930
DA:365,930
DA:367,930
DA:375,930
DA:379,930
DA:383,930
DA:398,930
DA:399,13
DA:406,930
DA:407,8
DA:408,8
DA:409,8
DA:419,1
DA:420,930
DA:421,930
DA:431,1
DA:432,930
DA:433,930
DA:434,930
DA:435,930
DA:436,2952
DA:437,2952
DA:438,2022
DA:439,1092
DA:441,2022
DA:442,2022
DA:445,930
DA:451,1
DA:452,8
DA:453,8
DA:454,8
DA:455,8
DA:456,8
DA:457,104
DA:458,104
DA:459,64
DA:462,8
DA:476,1
DA:477,8
DA:478,328
DA:491,1
DA:492,328
DA:493,16
DA:495,312
DA:496,48
DA:498,264
DA:499,8
DA:500,8
DA:501,8
DA:502,8
DA:503,24
DA:504,24
DA:505,24
DA:506,192
DA:508,24
DA:510,8
DA:512,256
DA:519,1
DA:522,1
DA:532,1
DA:534,12
DA:536,12
DA:538,12
DA:539,0
DA:540,0
DA:544,12
DA:545,12
DA:546,60
DA:548,60
DA:550,60
DA:552,12
DA:555,12
DA:558,12
DA:561,12
DA:583,1
DA:584,48
DA:585,48
DA:586,48
DA:587,996
DA:588,996
DA:589,996
DA:590,972
DA:593,48
DA:594,816
DA:595,816
DA:597,48
DA:622,1
DA:623,60
DA:624,12
DA:626,48
DA:627,1812
DA:629,48
DA:640,1
DA:641,48
DA:642,48
DA:643,816
DA:644,816
DA:646,48
DA:660,1
DA:661,12
DA:664,816
DA:667,816
DA:683,1
DA:684,12
DA:685,12
DA:686,816
DA:687,816
DA:688,816
DA:689,0
DA:691,816
DA:692,816
DA:693,0
DA:695,816
DA:696,168
DA:697,168
DA:699,816
DA:701,12
DA:712,1
DA:713,60
DA:714,60
DA:716,60
DA:717,4560
DA:718,4560
DA:719,840
DA:720,840
DA:721,840
DA:725,60
DA:739,1
DA:740,12
DA:741,12
DA:742,12
DA:743,168
DA:744,168
DA:745,168
DA:746,84
DA:747,84
DA:748,84
DA:749,84
DA:750,84
DA:751,84
DA:752,84
DA:757,12
DA:758,84
DA:759,84
DA:761,12
DA:771,1
DA:772,12
DA:773,12
DA:774,12
DA:775,12
DA:777,12
DA:778,840
DA:779,744
DA:780,24
DA:781,24
DA:783,744
DA:784,744
DA:786,96
DA:787,96
DA:788,24
DA:790,72
DA:791,48
DA:792,48
DA:794,72
DA:795,72
DA:797,96
DA:799,12
DA:807,1
DA:808,12
DA:809,12
DA:810,12
DA:811,84
DA:812,84
DA:813,84
DA:815,12
DA:822,1
LF:319
LH:314
BRDA:7,1,0,1
BRDA:7,1,1,0
BRDA:16,2,0,1
BRDA:16,2,1,1
BRDA:17,3,0,1
BRDA:17,3,1,1
BRDA:126,4,0,1
BRDA:126,4,1,161
BRDA:179,5,0,159
BRDA:179,5,1,3
BRDA:182,6,0,159
BRDA:182,6,1,3
BRDA:185,7,0,149
BRDA:185,7,1,13
BRDA:193,8,0,2
BRDA:193,8,1,322
BRDA:198,9,0,92
BRDA:198,9,1,230
BRDA:207,10,0,90
BRDA:207,10,1,72
BRDA:212,11,0,45
BRDA:212,11,1,27
BRDA:225,12,0,288
BRDA:225,12,1,2
BRDA:232,13,0,937
BRDA:232,13,1,1
BRDA:247,14,0,938
BRDA:247,14,1,0
BRDA:256,15,0,1586
BRDA:256,15,1,2
BRDA:256,16,0,1588
BRDA:256,16,1,1586
BRDA:276,17,0,1588
BRDA:276,17,1,2741
BRDA:290,18,0,352
BRDA:290,18,1,149
BRDA:294,19,0,1149
BRDA:294,19,1,1143
BRDA:294,19,2,1143
BRDA:408,20,0,1
BRDA:408,20,1,7
BRDA:437,21,0,2022
BRDA:437,21,1,930
BRDA:438,22,0,1092
BRDA:438,22,1,930
BRDA:458,23,0,64
BRDA:458,23,1,40
BRDA:458,24,0,104
BRDA:458,24,1,80
BRDA:492,25,0,16
BRDA:492,25,1,312
BRDA:492,26,0,328
BRDA:492,26,1,272
BRDA:492,26,2,16
BRDA:495,27,0,48
BRDA:495,27,1,264
BRDA:498,28,0,8
BRDA:498,28,1,256
BRDA:538,29,0,0
BRDA:538,29,1,12
BRDA:538,30,0,12
BRDA:538,30,1,0
BRDA:589,31,0,972
BRDA:589,31,1,24
BRDA:589,32,0,996
BRDA:589,32,1,996
BRDA:589,32,2,96
BRDA:623,33,0,12
BRDA:623,33,1,48
BRDA:623,34,0,60
BRDA:623,34,1,60
BRDA:688,35,0,0
BRDA:688,35,1,816
BRDA:692,36,0,0
BRDA:692,36,1,816
BRDA:692,37,0,816
BRDA:692,37,1,816
BRDA:695,38,0,168
BRDA:695,38,1,648
BRDA:718,39,0,840
BRDA:718,39,1,3720
BRDA:720,40,0,840
BRDA:720,40,1,0
BRDA:745,41,0,84
BRDA:745,41,1,84
BRDA:747,42,0,84
BRDA:747,42,1,0
BRDA:750,43,0,0
BRDA:750,43,1,84
BRDA:778,44,0,744
BRDA:778,44,1,96
BRDA:779,45,0,24
BRDA:779,45,1,720
BRDA:787,46,0,24
BRDA:787,46,1,72
BRDA:790,47,0,48
BRDA:790,47,1,24
BRF:97
BRH:88
end_of_record
TN:
SF:/Users/johannestroppacher/git/data-reconstruct-js/lib/js/flattenToArray.js
FN:26,(anonymous_1)
FN:31,recurse
FNF:2
FNH:2
FNDA:8408,(anonymous_1)
FNDA:164976,recurse
DA:7,1
DA:13,1
DA:26,1
DA:27,8408
DA:28,8408
DA:29,12
DA:31,1
DA:32,164976
DA:33,16942
DA:35,148034
DA:36,130552
DA:37,17482
DA:38,2980
DA:39,2980
DA:40,2980
DA:41,6536
DA:43,2980
DA:44,0
DA:45,0
DA:48,14502
DA:49,14502
DA:50,14502
DA:51,150032
DA:52,150032
DA:54,14502
DA:55,0
DA:59,8408
DA:60,8408
LF:28
LH:25
BRDA:7,1,0,1
BRDA:7,1,1,0
BRDA:28,2,0,12
BRDA:28,2,1,8396
BRDA:28,3,0,8408
BRDA:28,3,1,8396
BRDA:32,4,0,16942
BRDA:32,4,1,148034
BRDA:32,5,0,164976
BRDA:32,5,1,164928
BRDA:35,6,0,130552
BRDA:35,6,1,17482
BRDA:37,7,0,2980
BRDA:37,7,1,14502
BRDA:43,8,0,0
BRDA:43,8,1,2980
BRDA:52,9,0,60396
BRDA:52,9,1,89636
BRDA:54,10,0,0
BRDA:54,10,1,14502
BRDA:54,11,0,14502
BRDA:54,11,1,0
BRF:22
BRH:18
end_of_record
TN:
SF:/Users/johannestroppacher/git/data-reconstruct-js/src/js/templateResolver.js
FN:20,(anonymous_1)
FN:26,Resolver
FN:39,(anonymous_3)
FN:55,(anonymous_4)
FN:57,(anonymous_5)
FN:74,(anonymous_6)
FN:95,addFieldsPerGroup
FN:118,getPropertyNameInfos
FN:140,addToFilteredMapObject
FNF:9
FNH:9
FNDA:1,(anonymous_1)
FNDA:961,Resolver
FNDA:26,(anonymous_3)
FNDA:2816,(anonymous_4)
FNDA:129712,(anonymous_5)
FNDA:2816,(anonymous_6)
FNDA:26,addFieldsPerGroup
FNDA:314,getPropertyNameInfos
FNDA:8396,addToFilteredMapObject
DA:6,1
DA:12,1
DA:13,1
DA:20,1
DA:21,1
DA:26,1
DA:27,961
DA:39,961
DA:40,26
DA:55,961
DA:56,2816
DA:57,2816
DA:58,129712
DA:60,2816
DA:61,2816
DA:62,8396
DA:64,2816
DA:74,961
DA:75,2816
DA:76,2816
DA:77,2816
DA:78,2816
DA:79,2816
DA:80,2816
DA:81,65002
DA:82,65002
DA:83,65002
DA:85,2816
DA:95,1
DA:96,26
DA:97,26
DA:98,26
DA:99,314
DA:100,314
DA:101,314
DA:106,314
DA:107,32
DA:110,26
DA:118,1
DA:119,314
DA:120,314
DA:121,314
DA:122,54
DA:124,314
DA:125,314
DA:126,54
DA:128,314
DA:129,314
DA:140,1
DA:141,8396
DA:142,8396
DA:143,129712
DA:144,129712
DA:145,76130
DA:148,8396
DA:155,1
LF:56
LH:56
BRDA:6,1,0,1
BRDA:6,1,1,0
BRDA:13,2,0,1
BRDA:13,2,1,1
BRDA:58,3,0,129712
BRDA:58,3,1,76208
BRDA:106,4,0,32
BRDA:106,4,1,282
BRDA:106,5,0,314
BRDA:106,5,1,32
BRDA:121,6,0,54
BRDA:121,6,1,260
BRDA:125,7,0,54
BRDA:125,7,1,260
BRDA:144,8,0,76130
BRDA:144,8,1,53582
BRDA:144,9,0,129712
BRDA:144,9,1,129712
BRF:18
BRH:17
end_of_record
